{"uuid":"942e3426-3040-479a-acf6-48b265caf906","historyId":"24d155c78d1b9957d09e2a0d13ec88af","fullName":"com.automation.tests.user.UserApiTests.testUserNotFound","labels":[{"name":"package","value":"com.automation.tests.user.UserApiTests"},{"name":"testClass","value":"com.automation.tests.user.UserApiTests"},{"name":"testMethod","value":"testUserNotFound"},{"name":"parentSuite","value":"API Automation Test Suite"},{"name":"suite","value":"User API Tests"},{"name":"subSuite","value":"com.automation.tests.user.UserApiTests"},{"name":"host","value":"Vasanths-MacBook-Air.local"},{"name":"thread","value":"2178@Vasanths-MacBook-Air.local.main(3)"},{"name":"framework","value":"testng"},{"name":"language","value":"java"}],"links":[],"name":"Test user not found scenario","status":"skipped","statusDetails":{"known":false,"muted":false,"flaky":false,"message":"Failed to load configuration for environment: ","trace":"java.lang.RuntimeException: Failed to load configuration for environment: \n\tat com.automation.framework.config.ApiConfig.loadConfig(ApiConfig.java:27)\n\tat com.automation.framework.config.ApiConfig.<init>(ApiConfig.java:15)\n\tat com.automation.framework.base.BaseApiTest.baseSetup(BaseApiTest.java:20)\n\tat com.automation.tests.user.UserApiTests.baseSetup(UserApiTests.java:30)\n\tat java.base/jdk.internal.reflect.DirectMethodHandleAccessor.invoke(DirectMethodHandleAccessor.java:104)\n\tat java.base/java.lang.reflect.Method.invoke(Method.java:565)\n\tat org.testng.internal.invokers.MethodInvocationHelper.invokeMethod(MethodInvocationHelper.java:139)\n\tat org.testng.internal.invokers.MethodInvocationHelper.invokeMethodConsideringTimeout(MethodInvocationHelper.java:69)\n\tat org.testng.internal.invokers.ConfigInvoker.invokeConfigurationMethod(ConfigInvoker.java:390)\n\tat org.testng.internal.invokers.ConfigInvoker.invokeConfigurations(ConfigInvoker.java:325)\n\tat org.testng.internal.invokers.TestMethodWorker.invokeBeforeClassMethods(TestMethodWorker.java:180)\n\tat org.testng.internal.invokers.TestMethodWorker.run(TestMethodWorker.java:122)\n\tat java.base/java.util.ArrayList.forEach(ArrayList.java:1604)\n\tat org.testng.TestRunner.privateRun(TestRunner.java:848)\n\tat org.testng.TestRunner.run(TestRunner.java:621)\n\tat org.testng.SuiteRunner.runTest(SuiteRunner.java:443)\n\tat org.testng.SuiteRunner.runSequentially(SuiteRunner.java:437)\n\tat org.testng.SuiteRunner.privateRun(SuiteRunner.java:397)\n\tat org.testng.SuiteRunner.run(SuiteRunner.java:336)\n\tat org.testng.SuiteRunnerWorker.runSuite(SuiteRunnerWorker.java:52)\n\tat org.testng.SuiteRunnerWorker.run(SuiteRunnerWorker.java:95)\n\tat org.testng.TestNG.runSuitesSequentially(TestNG.java:1280)\n\tat org.testng.TestNG.runSuitesLocally(TestNG.java:1200)\n\tat org.testng.TestNG.runSuites(TestNG.java:1114)\n\tat org.testng.TestNG.run(TestNG.java:1082)\n\tat org.apache.maven.surefire.testng.TestNGExecutor.run(TestNGExecutor.java:308)\n\tat org.apache.maven.surefire.testng.TestNGXmlTestSuite.execute(TestNGXmlTestSuite.java:71)\n\tat org.apache.maven.surefire.testng.TestNGProvider.invoke(TestNGProvider.java:113)\n\tat org.apache.maven.surefire.booter.ForkedBooter.runSuitesInProcess(ForkedBooter.java:385)\n\tat org.apache.maven.surefire.booter.ForkedBooter.execute(ForkedBooter.java:162)\n\tat org.apache.maven.surefire.booter.ForkedBooter.run(ForkedBooter.java:507)\n\tat org.apache.maven.surefire.booter.ForkedBooter.main(ForkedBooter.java:495)\nCaused by: java.io.FileNotFoundException: src/main/resources/config/.properties (No such file or directory)\n\tat java.base/java.io.FileInputStream.open0(Native Method)\n\tat java.base/java.io.FileInputStream.open(FileInputStream.java:185)\n\tat java.base/java.io.FileInputStream.<init>(FileInputStream.java:139)\n\tat java.base/java.io.FileInputStream.<init>(FileInputStream.java:109)\n\tat com.automation.framework.config.ApiConfig.loadConfig(ApiConfig.java:23)\n\t... 31 more\n"},"stage":"finished","steps":[],"attachments":[],"parameters":[{"name":"environment","value":"dev"}],"start":1749490222295,"stop":1749490222295}